Build started 2015-10-12 16:31:44.
     1>Project "D:\Ljudteknik\Ljudteknik\WaveGenerator\WaveGenerator\WaveGenerator.vcxproj" on node 2 (Build target(s)).
     1>ClCompile:
         C:\Program Files (x86)\Microsoft Visual Studio 12.0\VC\bin\CL.exe /c /AI"C:\Program Files (x86)\Reference Assemblies\Microsoft\Framework\.NETFramework\v4.5\\" /AI"C:\Program Files (x86)\Windows Kits\8.1\References\CommonConfiguration\Neutral" /AI"C:\Program Files (x86)\Reference Assemblies\Microsoft\Framework\.NETFramework\v4.5\Facades\\" /Zi /clr /nologo /W3 /WX- /Od /Oy- /D WIN32 /D _DEBUG /D _UNICODE /D UNICODE /EHa /MDd /GS /fp:precise /Zc:wchar_t /Zc:forScope /Yu"stdafx.h" /Fp"Debug\WaveGenerator.pch" /Fo"Debug\\" /Fd"Debug\vc120.pdb" /TP /FU"C:\Program Files (x86)\Reference Assemblies\Microsoft\Framework\.NETFramework\v4.5\mscorlib.dll" /FU"C:\Program Files (x86)\Reference Assemblies\Microsoft\Framework\.NETFramework\v4.5\System.Data.dll" /FU"C:\Program Files (x86)\Reference Assemblies\Microsoft\Framework\.NETFramework\v4.5\System.dll" /FU"C:\Program Files (x86)\Reference Assemblies\Microsoft\Framework\.NETFramework\v4.5\System.Xml.dll" /analyze- /errorReport:prompt /clr:nostdlib BrkLoader.cpp OscGenerator.cpp
         BrkLoader.cpp
         OscGenerator.cpp
     1>OscGenerator.cpp(98): warning C4996: 'fopen': This function or variable may be unsafe. Consider using fopen_s instead. To disable deprecation, use _CRT_SECURE_NO_WARNINGS. See online help for details.
                 C:\Program Files (x86)\Microsoft Visual Studio 12.0\VC\include\stdio.h(211) : see declaration of 'fopen'
         Generating Code...
       Link:
         C:\Program Files (x86)\Microsoft Visual Studio 12.0\VC\bin\link.exe /ERRORREPORT:PROMPT /OUT:"D:\Ljudteknik\Ljudteknik\WaveGenerator\Debug\WaveGenerator.exe" /INCREMENTAL /NOLOGO /MANIFEST /MANIFESTUAC:"level='asInvoker' uiAccess='false'" /manifest:embed /DEBUG /PDB:"D:\Ljudteknik\Ljudteknik\WaveGenerator\Debug\WaveGenerator.pdb" /ASSEMBLYDEBUG /TLBID:1 /DYNAMICBASE /FIXED:NO /NXCOMPAT /MACHINE:X86 Debug\app.res
         Debug\AssemblyInfo.obj
         Debug\BrkLoader.obj
         Debug\ieee80.obj
         Debug\OscGenerator.obj
         Debug\Oscillator.obj
         Debug\portsf.obj
         Debug\stdafx.obj
         Debug\WaveForm.obj
         Debug\WaveGenerator.obj
         "Debug\.NETFramework,Version=v4.5.AssemblyAttributes.obj"
         WaveGenerator.vcxproj -> D:\Ljudteknik\Ljudteknik\WaveGenerator\Debug\WaveGenerator.exe
     1>Done Building Project "D:\Ljudteknik\Ljudteknik\WaveGenerator\WaveGenerator\WaveGenerator.vcxproj" (Build target(s)).

Build succeeded.

Time Elapsed 00:00:06.98
